[DEBUG] 2022-03-29 00:03:32.087 [main] InternalLoggerFactory - Using Log4J2 as the default logging framework
[DEBUG] 2022-03-29 00:03:32.100 [main] ResourceLeakDetector - -Dio.netty.leakDetection.level: simple
[DEBUG] 2022-03-29 00:03:32.100 [main] ResourceLeakDetector - -Dio.netty.leakDetection.targetRecords: 4
[DEBUG] 2022-03-29 00:03:32.104 [main] ResourceLeakDetectorFactory - Loaded default ResourceLeakDetector: io.netty.util.ResourceLeakDetector@50fe837a
[DEBUG] 2022-03-29 00:03:32.116 [main] PlatformDependent0 - -Dio.netty.noUnsafe: false
[DEBUG] 2022-03-29 00:03:32.116 [main] PlatformDependent0 - Java version: 17
[DEBUG] 2022-03-29 00:03:32.117 [main] PlatformDependent0 - sun.misc.Unsafe.theUnsafe: available
[DEBUG] 2022-03-29 00:03:32.117 [main] PlatformDependent0 - sun.misc.Unsafe.copyMemory: available
[DEBUG] 2022-03-29 00:03:32.117 [main] PlatformDependent0 - java.nio.Buffer.address: available
[DEBUG] 2022-03-29 00:03:32.118 [main] PlatformDependent0 - direct buffer constructor: unavailable
java.lang.UnsupportedOperationException: Reflective setAccessible(true) disabled
	at io.netty.util.internal.ReflectionUtil.trySetAccessible(ReflectionUtil.java:31) ~[netty-common-4.1.73.Final.jar:4.1.73.Final]
	at io.netty.util.internal.PlatformDependent0$4.run(PlatformDependent0.java:253) ~[netty-common-4.1.73.Final.jar:4.1.73.Final]
	at java.security.AccessController.doPrivileged(AccessController.java:318) ~[?:?]
	at io.netty.util.internal.PlatformDependent0.<clinit>(PlatformDependent0.java:247) ~[netty-common-4.1.73.Final.jar:4.1.73.Final]
	at io.netty.util.internal.PlatformDependent.isAndroid(PlatformDependent.java:294) ~[netty-common-4.1.73.Final.jar:4.1.73.Final]
	at io.netty.util.internal.PlatformDependent.<clinit>(PlatformDependent.java:88) ~[netty-common-4.1.73.Final.jar:4.1.73.Final]
	at io.netty.util.HashedWheelTimer.<init>(HashedWheelTimer.java:114) ~[netty-common-4.1.73.Final.jar:4.1.73.Final]
	at io.netty.util.HashedWheelTimer.<init>(HashedWheelTimer.java:251) ~[netty-common-4.1.73.Final.jar:4.1.73.Final]
	at io.netty.util.HashedWheelTimer.<init>(HashedWheelTimer.java:224) ~[netty-common-4.1.73.Final.jar:4.1.73.Final]
	at io.netty.util.HashedWheelTimer.<init>(HashedWheelTimer.java:203) ~[netty-common-4.1.73.Final.jar:4.1.73.Final]
	at org.asynchttpclient.DefaultAsyncHttpClient.newNettyTimer(DefaultAsyncHttpClient.java:111) ~[async-http-client-2.12.3.jar:?]
	at org.asynchttpclient.DefaultAsyncHttpClient.<init>(DefaultAsyncHttpClient.java:90) ~[async-http-client-2.12.3.jar:?]
	at org.asynchttpclient.Dsl.asyncHttpClient(Dsl.java:32) ~[async-http-client-2.12.3.jar:?]
	at org.openqa.selenium.remote.http.netty.NettyClient.createHttpClient(NettyClient.java:105) ~[selenium-remote-driver-4.1.2.jar:?]
	at org.openqa.selenium.remote.http.netty.NettyClient.<clinit>(NettyClient.java:50) ~[selenium-remote-driver-4.1.2.jar:?]
	at org.openqa.selenium.remote.http.netty.NettyClient$Factory.createClient(NettyClient.java:146) ~[selenium-remote-driver-4.1.2.jar:?]
	at org.openqa.selenium.remote.HttpCommandExecutor.<init>(HttpCommandExecutor.java:107) ~[selenium-remote-driver-4.1.2.jar:?]
	at org.openqa.selenium.remote.HttpCommandExecutor.<init>(HttpCommandExecutor.java:94) ~[selenium-remote-driver-4.1.2.jar:?]
	at org.openqa.selenium.remote.HttpCommandExecutor.<init>(HttpCommandExecutor.java:85) ~[selenium-remote-driver-4.1.2.jar:?]
	at org.openqa.selenium.remote.service.DriverCommandExecutor.<init>(DriverCommandExecutor.java:80) ~[selenium-remote-driver-4.1.2.jar:?]
	at org.openqa.selenium.chromium.ChromiumDriverCommandExecutor.<init>(ChromiumDriverCommandExecutor.java:35) ~[selenium-chromium-driver-4.1.2.jar:?]
	at org.openqa.selenium.chrome.ChromeDriver$ChromeDriverCommandExecutor.<init>(ChromeDriver.java:118) ~[selenium-chrome-driver-4.1.2.jar:?]
	at org.openqa.selenium.chrome.ChromeDriver.<init>(ChromeDriver.java:106) ~[selenium-chrome-driver-4.1.2.jar:?]
	at org.openqa.selenium.chrome.ChromeDriver.<init>(ChromeDriver.java:93) ~[selenium-chrome-driver-4.1.2.jar:?]
	at org.openqa.selenium.chrome.ChromeDriver.<init>(ChromeDriver.java:48) ~[selenium-chrome-driver-4.1.2.jar:?]
	at Main.launch(Main.java:35) ~[test-classes/:?]
	at jdk.internal.reflect.NativeMethodAccessorImpl.invoke0(Native Method) ~[?:?]
	at jdk.internal.reflect.NativeMethodAccessorImpl.invoke(NativeMethodAccessorImpl.java:77) ~[?:?]
	at jdk.internal.reflect.DelegatingMethodAccessorImpl.invoke(DelegatingMethodAccessorImpl.java:43) ~[?:?]
	at java.lang.reflect.Method.invoke(Method.java:568) ~[?:?]
	at org.testng.internal.invokers.MethodInvocationHelper.invokeMethod(MethodInvocationHelper.java:135) ~[testng-7.5.jar:7.5]
	at org.testng.internal.invokers.MethodInvocationHelper.invokeMethodConsideringTimeout(MethodInvocationHelper.java:65) ~[testng-7.5.jar:7.5]
	at org.testng.internal.invokers.ConfigInvoker.invokeConfigurationMethod(ConfigInvoker.java:381) ~[testng-7.5.jar:7.5]
	at org.testng.internal.invokers.ConfigInvoker.invokeConfigurations(ConfigInvoker.java:319) ~[testng-7.5.jar:7.5]
	at org.testng.TestRunner.invokeTestConfigurations(TestRunner.java:645) ~[testng-7.5.jar:7.5]
	at org.testng.TestRunner.beforeRun(TestRunner.java:634) ~[testng-7.5.jar:7.5]
	at org.testng.TestRunner.run(TestRunner.java:596) ~[testng-7.5.jar:7.5]
	at org.testng.SuiteRunner.runTest(SuiteRunner.java:429) ~[testng-7.5.jar:7.5]
	at org.testng.SuiteRunner.runSequentially(SuiteRunner.java:423) ~[testng-7.5.jar:7.5]
	at org.testng.SuiteRunner.privateRun(SuiteRunner.java:383) ~[testng-7.5.jar:7.5]
	at org.testng.SuiteRunner.run(SuiteRunner.java:326) ~[testng-7.5.jar:7.5]
	at org.testng.SuiteRunnerWorker.runSuite(SuiteRunnerWorker.java:52) ~[testng-7.5.jar:7.5]
	at org.testng.SuiteRunnerWorker.run(SuiteRunnerWorker.java:95) ~[testng-7.5.jar:7.5]
	at org.testng.TestNG.runSuitesSequentially(TestNG.java:1249) ~[testng-7.5.jar:7.5]
	at org.testng.TestNG.runSuitesLocally(TestNG.java:1169) ~[testng-7.5.jar:7.5]
	at org.testng.TestNG.runSuites(TestNG.java:1092) ~[testng-7.5.jar:7.5]
	at org.testng.TestNG.run(TestNG.java:1060) ~[testng-7.5.jar:7.5]
	at com.intellij.rt.testng.IDEARemoteTestNG.run(IDEARemoteTestNG.java:66) ~[testng-rt.jar:?]
	at com.intellij.rt.testng.RemoteTestNGStarter.main(RemoteTestNGStarter.java:109) ~[testng-rt.jar:?]
[DEBUG] 2022-03-29 00:03:32.124 [main] PlatformDependent0 - java.nio.Bits.unaligned: available, true
[DEBUG] 2022-03-29 00:03:32.125 [main] PlatformDependent0 - jdk.internal.misc.Unsafe.allocateUninitializedArray(int): unavailable
java.lang.IllegalAccessException: class io.netty.util.internal.PlatformDependent0$6 cannot access class jdk.internal.misc.Unsafe (in module java.base) because module java.base does not export jdk.internal.misc to unnamed module @3551a94
	at jdk.internal.reflect.Reflection.newIllegalAccessException(Reflection.java:392) ~[?:?]
	at java.lang.reflect.AccessibleObject.checkAccess(AccessibleObject.java:674) ~[?:?]
	at java.lang.reflect.Method.invoke(Method.java:560) ~[?:?]
	at io.netty.util.internal.PlatformDependent0$6.run(PlatformDependent0.java:375) ~[netty-common-4.1.73.Final.jar:4.1.73.Final]
	at java.security.AccessController.doPrivileged(AccessController.java:318) ~[?:?]
	at io.netty.util.internal.PlatformDependent0.<clinit>(PlatformDependent0.java:366) ~[netty-common-4.1.73.Final.jar:4.1.73.Final]
	at io.netty.util.internal.PlatformDependent.isAndroid(PlatformDependent.java:294) ~[netty-common-4.1.73.Final.jar:4.1.73.Final]
	at io.netty.util.internal.PlatformDependent.<clinit>(PlatformDependent.java:88) ~[netty-common-4.1.73.Final.jar:4.1.73.Final]
	at io.netty.util.HashedWheelTimer.<init>(HashedWheelTimer.java:114) ~[netty-common-4.1.73.Final.jar:4.1.73.Final]
	at io.netty.util.HashedWheelTimer.<init>(HashedWheelTimer.java:251) ~[netty-common-4.1.73.Final.jar:4.1.73.Final]
	at io.netty.util.HashedWheelTimer.<init>(HashedWheelTimer.java:224) ~[netty-common-4.1.73.Final.jar:4.1.73.Final]
	at io.netty.util.HashedWheelTimer.<init>(HashedWheelTimer.java:203) ~[netty-common-4.1.73.Final.jar:4.1.73.Final]
	at org.asynchttpclient.DefaultAsyncHttpClient.newNettyTimer(DefaultAsyncHttpClient.java:111) ~[async-http-client-2.12.3.jar:?]
	at org.asynchttpclient.DefaultAsyncHttpClient.<init>(DefaultAsyncHttpClient.java:90) ~[async-http-client-2.12.3.jar:?]
	at org.asynchttpclient.Dsl.asyncHttpClient(Dsl.java:32) ~[async-http-client-2.12.3.jar:?]
	at org.openqa.selenium.remote.http.netty.NettyClient.createHttpClient(NettyClient.java:105) ~[selenium-remote-driver-4.1.2.jar:?]
	at org.openqa.selenium.remote.http.netty.NettyClient.<clinit>(NettyClient.java:50) ~[selenium-remote-driver-4.1.2.jar:?]
	at org.openqa.selenium.remote.http.netty.NettyClient$Factory.createClient(NettyClient.java:146) ~[selenium-remote-driver-4.1.2.jar:?]
	at org.openqa.selenium.remote.HttpCommandExecutor.<init>(HttpCommandExecutor.java:107) ~[selenium-remote-driver-4.1.2.jar:?]
	at org.openqa.selenium.remote.HttpCommandExecutor.<init>(HttpCommandExecutor.java:94) ~[selenium-remote-driver-4.1.2.jar:?]
	at org.openqa.selenium.remote.HttpCommandExecutor.<init>(HttpCommandExecutor.java:85) ~[selenium-remote-driver-4.1.2.jar:?]
	at org.openqa.selenium.remote.service.DriverCommandExecutor.<init>(DriverCommandExecutor.java:80) ~[selenium-remote-driver-4.1.2.jar:?]
	at org.openqa.selenium.chromium.ChromiumDriverCommandExecutor.<init>(ChromiumDriverCommandExecutor.java:35) ~[selenium-chromium-driver-4.1.2.jar:?]
	at org.openqa.selenium.chrome.ChromeDriver$ChromeDriverCommandExecutor.<init>(ChromeDriver.java:118) ~[selenium-chrome-driver-4.1.2.jar:?]
	at org.openqa.selenium.chrome.ChromeDriver.<init>(ChromeDriver.java:106) ~[selenium-chrome-driver-4.1.2.jar:?]
	at org.openqa.selenium.chrome.ChromeDriver.<init>(ChromeDriver.java:93) ~[selenium-chrome-driver-4.1.2.jar:?]
	at org.openqa.selenium.chrome.ChromeDriver.<init>(ChromeDriver.java:48) ~[selenium-chrome-driver-4.1.2.jar:?]
	at Main.launch(Main.java:35) ~[test-classes/:?]
	at jdk.internal.reflect.NativeMethodAccessorImpl.invoke0(Native Method) ~[?:?]
	at jdk.internal.reflect.NativeMethodAccessorImpl.invoke(NativeMethodAccessorImpl.java:77) ~[?:?]
	at jdk.internal.reflect.DelegatingMethodAccessorImpl.invoke(DelegatingMethodAccessorImpl.java:43) ~[?:?]
	at java.lang.reflect.Method.invoke(Method.java:568) ~[?:?]
	at org.testng.internal.invokers.MethodInvocationHelper.invokeMethod(MethodInvocationHelper.java:135) ~[testng-7.5.jar:7.5]
	at org.testng.internal.invokers.MethodInvocationHelper.invokeMethodConsideringTimeout(MethodInvocationHelper.java:65) ~[testng-7.5.jar:7.5]
	at org.testng.internal.invokers.ConfigInvoker.invokeConfigurationMethod(ConfigInvoker.java:381) ~[testng-7.5.jar:7.5]
	at org.testng.internal.invokers.ConfigInvoker.invokeConfigurations(ConfigInvoker.java:319) ~[testng-7.5.jar:7.5]
	at org.testng.TestRunner.invokeTestConfigurations(TestRunner.java:645) ~[testng-7.5.jar:7.5]
	at org.testng.TestRunner.beforeRun(TestRunner.java:634) ~[testng-7.5.jar:7.5]
	at org.testng.TestRunner.run(TestRunner.java:596) ~[testng-7.5.jar:7.5]
	at org.testng.SuiteRunner.runTest(SuiteRunner.java:429) ~[testng-7.5.jar:7.5]
	at org.testng.SuiteRunner.runSequentially(SuiteRunner.java:423) ~[testng-7.5.jar:7.5]
	at org.testng.SuiteRunner.privateRun(SuiteRunner.java:383) ~[testng-7.5.jar:7.5]
	at org.testng.SuiteRunner.run(SuiteRunner.java:326) ~[testng-7.5.jar:7.5]
	at org.testng.SuiteRunnerWorker.runSuite(SuiteRunnerWorker.java:52) ~[testng-7.5.jar:7.5]
	at org.testng.SuiteRunnerWorker.run(SuiteRunnerWorker.java:95) ~[testng-7.5.jar:7.5]
	at org.testng.TestNG.runSuitesSequentially(TestNG.java:1249) ~[testng-7.5.jar:7.5]
	at org.testng.TestNG.runSuitesLocally(TestNG.java:1169) ~[testng-7.5.jar:7.5]
	at org.testng.TestNG.runSuites(TestNG.java:1092) ~[testng-7.5.jar:7.5]
	at org.testng.TestNG.run(TestNG.java:1060) ~[testng-7.5.jar:7.5]
	at com.intellij.rt.testng.IDEARemoteTestNG.run(IDEARemoteTestNG.java:66) ~[testng-rt.jar:?]
	at com.intellij.rt.testng.RemoteTestNGStarter.main(RemoteTestNGStarter.java:109) ~[testng-rt.jar:?]
[DEBUG] 2022-03-29 00:03:32.126 [main] PlatformDependent0 - java.nio.DirectByteBuffer.<init>(long, int): unavailable
[DEBUG] 2022-03-29 00:03:32.126 [main] PlatformDependent - sun.misc.Unsafe: available
[DEBUG] 2022-03-29 00:03:32.126 [main] PlatformDependent - maxDirectMemory: 4133486592 bytes (maybe)
[DEBUG] 2022-03-29 00:03:32.126 [main] PlatformDependent - -Dio.netty.tmpdir: C:\Users\SHREDE~1\AppData\Local\Temp (java.io.tmpdir)
[DEBUG] 2022-03-29 00:03:32.126 [main] PlatformDependent - -Dio.netty.bitMode: 64 (sun.arch.data.model)
[DEBUG] 2022-03-29 00:03:32.127 [main] PlatformDependent - Platform: Windows
[DEBUG] 2022-03-29 00:03:32.127 [main] PlatformDependent - -Dio.netty.maxDirectMemory: -1 bytes
[DEBUG] 2022-03-29 00:03:32.127 [main] PlatformDependent - -Dio.netty.uninitializedArrayAllocationThreshold: -1
[DEBUG] 2022-03-29 00:03:32.128 [main] CleanerJava9 - java.nio.ByteBuffer.cleaner(): available
[DEBUG] 2022-03-29 00:03:32.128 [main] PlatformDependent - -Dio.netty.noPreferDirect: false
[DEBUG] 2022-03-29 00:03:32.133 [main] PlatformDependent - org.jctools-core.MpscChunkedArrayQueue: available
[DEBUG] 2022-03-29 00:03:32.147 [main] InternalThreadLocalMap - -Dio.netty.threadLocalMap.stringBuilder.initialSize: 1024
[DEBUG] 2022-03-29 00:03:32.148 [main] InternalThreadLocalMap - -Dio.netty.threadLocalMap.stringBuilder.maxSize: 4096
[DEBUG] 2022-03-29 00:03:32.232 [main] JdkSslContext - Default protocols (JDK): [TLSv1.3, TLSv1.2] 
[DEBUG] 2022-03-29 00:03:32.233 [main] JdkSslContext - Default cipher suites (JDK): [TLS_ECDHE_ECDSA_WITH_AES_256_GCM_SHA384, TLS_ECDHE_ECDSA_WITH_AES_128_GCM_SHA256, TLS_ECDHE_RSA_WITH_AES_128_GCM_SHA256, TLS_ECDHE_RSA_WITH_AES_256_GCM_SHA384, TLS_ECDHE_RSA_WITH_AES_128_CBC_SHA, TLS_ECDHE_RSA_WITH_AES_256_CBC_SHA, TLS_RSA_WITH_AES_128_GCM_SHA256, TLS_RSA_WITH_AES_128_CBC_SHA, TLS_RSA_WITH_AES_256_CBC_SHA, TLS_AES_128_GCM_SHA256, TLS_AES_256_GCM_SHA384]
[DEBUG] 2022-03-29 00:03:32.247 [main] MultithreadEventLoopGroup - -Dio.netty.eventLoopThreads: 16
[DEBUG] 2022-03-29 00:03:32.253 [main] NioEventLoop - -Dio.netty.noKeySetOptimization: false
[DEBUG] 2022-03-29 00:03:32.253 [main] NioEventLoop - -Dio.netty.selectorAutoRebuildThreshold: 512
[TRACE] 2022-03-29 00:03:32.261 [main] NioEventLoop - instrumented a special java.util.Set into: sun.nio.ch.WEPollSelectorImpl@3b4ef7
[TRACE] 2022-03-29 00:03:32.263 [main] NioEventLoop - instrumented a special java.util.Set into: sun.nio.ch.WEPollSelectorImpl@438bad7c
[TRACE] 2022-03-29 00:03:32.264 [main] NioEventLoop - instrumented a special java.util.Set into: sun.nio.ch.WEPollSelectorImpl@25230246
[TRACE] 2022-03-29 00:03:32.265 [main] NioEventLoop - instrumented a special java.util.Set into: sun.nio.ch.WEPollSelectorImpl@4fdf8f12
[TRACE] 2022-03-29 00:03:32.267 [main] NioEventLoop - instrumented a special java.util.Set into: sun.nio.ch.WEPollSelectorImpl@4a8b5227
[TRACE] 2022-03-29 00:03:32.267 [main] NioEventLoop - instrumented a special java.util.Set into: sun.nio.ch.WEPollSelectorImpl@54f5f647
[TRACE] 2022-03-29 00:03:32.268 [main] NioEventLoop - instrumented a special java.util.Set into: sun.nio.ch.WEPollSelectorImpl@6979efad
[TRACE] 2022-03-29 00:03:32.269 [main] NioEventLoop - instrumented a special java.util.Set into: sun.nio.ch.WEPollSelectorImpl@5a6d5a8f
[TRACE] 2022-03-29 00:03:32.270 [main] NioEventLoop - instrumented a special java.util.Set into: sun.nio.ch.WEPollSelectorImpl@4a67318f
[TRACE] 2022-03-29 00:03:32.271 [main] NioEventLoop - instrumented a special java.util.Set into: sun.nio.ch.WEPollSelectorImpl@315ba14a
[TRACE] 2022-03-29 00:03:32.272 [main] NioEventLoop - instrumented a special java.util.Set into: sun.nio.ch.WEPollSelectorImpl@17f9344b
[TRACE] 2022-03-29 00:03:32.273 [main] NioEventLoop - instrumented a special java.util.Set into: sun.nio.ch.WEPollSelectorImpl@27f0ad19
[TRACE] 2022-03-29 00:03:32.274 [main] NioEventLoop - instrumented a special java.util.Set into: sun.nio.ch.WEPollSelectorImpl@54e81b21
[TRACE] 2022-03-29 00:03:32.275 [main] NioEventLoop - instrumented a special java.util.Set into: sun.nio.ch.WEPollSelectorImpl@38d5b107
[TRACE] 2022-03-29 00:03:32.277 [main] NioEventLoop - instrumented a special java.util.Set into: sun.nio.ch.WEPollSelectorImpl@6650813a
[TRACE] 2022-03-29 00:03:32.281 [main] NioEventLoop - instrumented a special java.util.Set into: sun.nio.ch.WEPollSelectorImpl@44ea608c
[DEBUG] 2022-03-29 00:03:32.297 [main] PooledByteBufAllocator - -Dio.netty.allocator.numHeapArenas: 16
[DEBUG] 2022-03-29 00:03:32.297 [main] PooledByteBufAllocator - -Dio.netty.allocator.numDirectArenas: 16
[DEBUG] 2022-03-29 00:03:32.297 [main] PooledByteBufAllocator - -Dio.netty.allocator.pageSize: 8192
[DEBUG] 2022-03-29 00:03:32.297 [main] PooledByteBufAllocator - -Dio.netty.allocator.maxOrder: 11
[DEBUG] 2022-03-29 00:03:32.297 [main] PooledByteBufAllocator - -Dio.netty.allocator.chunkSize: 16777216
[DEBUG] 2022-03-29 00:03:32.297 [main] PooledByteBufAllocator - -Dio.netty.allocator.smallCacheSize: 256
[DEBUG] 2022-03-29 00:03:32.297 [main] PooledByteBufAllocator - -Dio.netty.allocator.normalCacheSize: 64
[DEBUG] 2022-03-29 00:03:32.297 [main] PooledByteBufAllocator - -Dio.netty.allocator.maxCachedBufferCapacity: 32768
[DEBUG] 2022-03-29 00:03:32.297 [main] PooledByteBufAllocator - -Dio.netty.allocator.cacheTrimInterval: 8192
[DEBUG] 2022-03-29 00:03:32.297 [main] PooledByteBufAllocator - -Dio.netty.allocator.cacheTrimIntervalMillis: 0
[DEBUG] 2022-03-29 00:03:32.297 [main] PooledByteBufAllocator - -Dio.netty.allocator.useCacheForAllThreads: true
[DEBUG] 2022-03-29 00:03:32.297 [main] PooledByteBufAllocator - -Dio.netty.allocator.maxCachedByteBuffersPerChunk: 1023
[DEBUG] 2022-03-29 00:03:32.303 [main] ByteBufUtil - -Dio.netty.allocator.type: pooled
[DEBUG] 2022-03-29 00:03:32.303 [main] ByteBufUtil - -Dio.netty.threadLocalDirectBufferSize: 0
[DEBUG] 2022-03-29 00:03:32.303 [main] ByteBufUtil - -Dio.netty.maxThreadLocalCharBufferSize: 16384
[DEBUG] 2022-03-29 00:03:32.637 [Forwarding newSession on session null to remote] DefaultChannelId - -Dio.netty.processId: 17688 (auto-detected)
[DEBUG] 2022-03-29 00:03:32.639 [Forwarding newSession on session null to remote] NetUtil - -Djava.net.preferIPv4Stack: false
[DEBUG] 2022-03-29 00:03:32.639 [Forwarding newSession on session null to remote] NetUtil - -Djava.net.preferIPv6Addresses: false
[DEBUG] 2022-03-29 00:03:32.644 [Forwarding newSession on session null to remote] NetUtilInitializations - Loopback interface: lo (Software Loopback Interface 1, 127.0.0.1)
[DEBUG] 2022-03-29 00:03:32.645 [Forwarding newSession on session null to remote] NetUtil - Failed to get SOMAXCONN from sysctl and file \proc\sys\net\core\somaxconn. Default: 200
[DEBUG] 2022-03-29 00:03:32.658 [Forwarding newSession on session null to remote] DefaultChannelId - -Dio.netty.machineId: 7c:70:db:ff:fe:ee:8f:c2 (auto-detected)
[DEBUG] 2022-03-29 00:03:32.695 [AsyncHttpClient-1-2] AbstractByteBuf - -Dio.netty.buffer.checkAccessible: true
[DEBUG] 2022-03-29 00:03:32.696 [AsyncHttpClient-1-2] AbstractByteBuf - -Dio.netty.buffer.checkBounds: true
[DEBUG] 2022-03-29 00:03:32.696 [AsyncHttpClient-1-2] ResourceLeakDetectorFactory - Loaded default ResourceLeakDetector: io.netty.util.ResourceLeakDetector@7b9f8de4
[DEBUG] 2022-03-29 00:03:32.709 [AsyncHttpClient-1-2] Recycler - -Dio.netty.recycler.maxCapacityPerThread: 4096
[DEBUG] 2022-03-29 00:03:32.709 [AsyncHttpClient-1-2] Recycler - -Dio.netty.recycler.ratio: 8
[DEBUG] 2022-03-29 00:03:32.709 [AsyncHttpClient-1-2] Recycler - -Dio.netty.recycler.chunkSize: 32
[DEBUG] 2022-03-29 00:03:32.709 [AsyncHttpClient-1-2] Recycler - -Dio.netty.recycler.blocking: false
[DEBUG] 2022-03-29 00:03:33.322 [AsyncHttpClient-1-2] Brotli - brotli4j not in the classpath; Brotli support will be unavailable.
[DEBUG] 2022-03-29 00:03:33.421 [main] ThreadLocalRandom - -Dio.netty.initialSeedUniquifier: 0x94cf285bbd7bf5b1
[INFO ] 2022-03-29 00:03:36.465 [main] log4j - Customer Added
[INFO ] 2022-03-29 00:03:36.873 [main] log4j - Account Created
[INFO ] 2022-03-29 00:03:37.955 [main] log4j - Logged In
[INFO ] 2022-03-29 00:03:39.066 [main] log4j - Amount Deposited
[INFO ] 2022-03-29 00:15:39.550 [main] log4j - this is info
[ERROR] 2022-03-29 00:15:39.552 [main] log4j - this is error
[FATAL] 2022-03-29 00:15:39.552 [main] log4j - this is fatal
[WARN ] 2022-03-29 00:15:39.552 [main] log4j - this is warn
[INFO ] 2022-03-29 00:18:19.581 [main] log4j - this is info
[ERROR] 2022-03-29 00:18:19.583 [main] log4j - this is error
[FATAL] 2022-03-29 00:18:19.583 [main] log4j - this is fatal
[WARN ] 2022-03-29 00:18:19.583 [main] log4j - this is warn
[DEBUG] 2022-03-29 00:20:05.717 [main] InternalLoggerFactory - Using Log4J2 as the default logging framework
[DEBUG] 2022-03-29 00:20:05.724 [main] ResourceLeakDetector - -Dio.netty.leakDetection.level: simple
[DEBUG] 2022-03-29 00:20:05.724 [main] ResourceLeakDetector - -Dio.netty.leakDetection.targetRecords: 4
[DEBUG] 2022-03-29 00:20:05.727 [main] ResourceLeakDetectorFactory - Loaded default ResourceLeakDetector: io.netty.util.ResourceLeakDetector@5b057c8c
[DEBUG] 2022-03-29 00:20:05.740 [main] PlatformDependent0 - -Dio.netty.noUnsafe: false
[DEBUG] 2022-03-29 00:20:05.741 [main] PlatformDependent0 - Java version: 17
[DEBUG] 2022-03-29 00:20:05.742 [main] PlatformDependent0 - sun.misc.Unsafe.theUnsafe: available
[DEBUG] 2022-03-29 00:20:05.742 [main] PlatformDependent0 - sun.misc.Unsafe.copyMemory: available
[DEBUG] 2022-03-29 00:20:05.743 [main] PlatformDependent0 - java.nio.Buffer.address: available
[DEBUG] 2022-03-29 00:20:05.743 [main] PlatformDependent0 - direct buffer constructor: unavailable
java.lang.UnsupportedOperationException: Reflective setAccessible(true) disabled
	at io.netty.util.internal.ReflectionUtil.trySetAccessible(ReflectionUtil.java:31) ~[netty-common-4.1.73.Final.jar:4.1.73.Final]
	at io.netty.util.internal.PlatformDependent0$4.run(PlatformDependent0.java:253) ~[netty-common-4.1.73.Final.jar:4.1.73.Final]
	at java.security.AccessController.doPrivileged(AccessController.java:318) ~[?:?]
	at io.netty.util.internal.PlatformDependent0.<clinit>(PlatformDependent0.java:247) ~[netty-common-4.1.73.Final.jar:4.1.73.Final]
	at io.netty.util.internal.PlatformDependent.isAndroid(PlatformDependent.java:294) ~[netty-common-4.1.73.Final.jar:4.1.73.Final]
	at io.netty.util.internal.PlatformDependent.<clinit>(PlatformDependent.java:88) ~[netty-common-4.1.73.Final.jar:4.1.73.Final]
	at io.netty.util.HashedWheelTimer.<init>(HashedWheelTimer.java:114) ~[netty-common-4.1.73.Final.jar:4.1.73.Final]
	at io.netty.util.HashedWheelTimer.<init>(HashedWheelTimer.java:251) ~[netty-common-4.1.73.Final.jar:4.1.73.Final]
	at io.netty.util.HashedWheelTimer.<init>(HashedWheelTimer.java:224) ~[netty-common-4.1.73.Final.jar:4.1.73.Final]
	at io.netty.util.HashedWheelTimer.<init>(HashedWheelTimer.java:203) ~[netty-common-4.1.73.Final.jar:4.1.73.Final]
	at org.asynchttpclient.DefaultAsyncHttpClient.newNettyTimer(DefaultAsyncHttpClient.java:111) ~[async-http-client-2.12.3.jar:?]
	at org.asynchttpclient.DefaultAsyncHttpClient.<init>(DefaultAsyncHttpClient.java:90) ~[async-http-client-2.12.3.jar:?]
	at org.asynchttpclient.Dsl.asyncHttpClient(Dsl.java:32) ~[async-http-client-2.12.3.jar:?]
	at org.openqa.selenium.remote.http.netty.NettyClient.createHttpClient(NettyClient.java:105) ~[selenium-remote-driver-4.1.2.jar:?]
	at org.openqa.selenium.remote.http.netty.NettyClient.<clinit>(NettyClient.java:50) ~[selenium-remote-driver-4.1.2.jar:?]
	at org.openqa.selenium.remote.http.netty.NettyClient$Factory.createClient(NettyClient.java:146) ~[selenium-remote-driver-4.1.2.jar:?]
	at org.openqa.selenium.remote.HttpCommandExecutor.<init>(HttpCommandExecutor.java:107) ~[selenium-remote-driver-4.1.2.jar:?]
	at org.openqa.selenium.remote.HttpCommandExecutor.<init>(HttpCommandExecutor.java:94) ~[selenium-remote-driver-4.1.2.jar:?]
	at org.openqa.selenium.remote.HttpCommandExecutor.<init>(HttpCommandExecutor.java:85) ~[selenium-remote-driver-4.1.2.jar:?]
	at org.openqa.selenium.remote.service.DriverCommandExecutor.<init>(DriverCommandExecutor.java:80) ~[selenium-remote-driver-4.1.2.jar:?]
	at org.openqa.selenium.chromium.ChromiumDriverCommandExecutor.<init>(ChromiumDriverCommandExecutor.java:35) ~[selenium-chromium-driver-4.1.2.jar:?]
	at org.openqa.selenium.chrome.ChromeDriver$ChromeDriverCommandExecutor.<init>(ChromeDriver.java:118) ~[selenium-chrome-driver-4.1.2.jar:?]
	at org.openqa.selenium.chrome.ChromeDriver.<init>(ChromeDriver.java:106) ~[selenium-chrome-driver-4.1.2.jar:?]
	at org.openqa.selenium.chrome.ChromeDriver.<init>(ChromeDriver.java:93) ~[selenium-chrome-driver-4.1.2.jar:?]
	at org.openqa.selenium.chrome.ChromeDriver.<init>(ChromeDriver.java:48) ~[selenium-chrome-driver-4.1.2.jar:?]
	at Main.launch(Main.java:35) ~[test-classes/:?]
	at jdk.internal.reflect.NativeMethodAccessorImpl.invoke0(Native Method) ~[?:?]
	at jdk.internal.reflect.NativeMethodAccessorImpl.invoke(NativeMethodAccessorImpl.java:77) ~[?:?]
	at jdk.internal.reflect.DelegatingMethodAccessorImpl.invoke(DelegatingMethodAccessorImpl.java:43) ~[?:?]
	at java.lang.reflect.Method.invoke(Method.java:568) ~[?:?]
	at org.testng.internal.invokers.MethodInvocationHelper.invokeMethod(MethodInvocationHelper.java:135) ~[testng-7.5.jar:7.5]
	at org.testng.internal.invokers.MethodInvocationHelper.invokeMethodConsideringTimeout(MethodInvocationHelper.java:65) ~[testng-7.5.jar:7.5]
	at org.testng.internal.invokers.ConfigInvoker.invokeConfigurationMethod(ConfigInvoker.java:381) ~[testng-7.5.jar:7.5]
	at org.testng.internal.invokers.ConfigInvoker.invokeConfigurations(ConfigInvoker.java:319) ~[testng-7.5.jar:7.5]
	at org.testng.TestRunner.invokeTestConfigurations(TestRunner.java:645) ~[testng-7.5.jar:7.5]
	at org.testng.TestRunner.beforeRun(TestRunner.java:634) ~[testng-7.5.jar:7.5]
	at org.testng.TestRunner.run(TestRunner.java:596) ~[testng-7.5.jar:7.5]
	at org.testng.SuiteRunner.runTest(SuiteRunner.java:429) ~[testng-7.5.jar:7.5]
	at org.testng.SuiteRunner.runSequentially(SuiteRunner.java:423) ~[testng-7.5.jar:7.5]
	at org.testng.SuiteRunner.privateRun(SuiteRunner.java:383) ~[testng-7.5.jar:7.5]
	at org.testng.SuiteRunner.run(SuiteRunner.java:326) ~[testng-7.5.jar:7.5]
	at org.testng.SuiteRunnerWorker.runSuite(SuiteRunnerWorker.java:52) ~[testng-7.5.jar:7.5]
	at org.testng.SuiteRunnerWorker.run(SuiteRunnerWorker.java:95) ~[testng-7.5.jar:7.5]
	at org.testng.TestNG.runSuitesSequentially(TestNG.java:1249) ~[testng-7.5.jar:7.5]
	at org.testng.TestNG.runSuitesLocally(TestNG.java:1169) ~[testng-7.5.jar:7.5]
	at org.testng.TestNG.runSuites(TestNG.java:1092) ~[testng-7.5.jar:7.5]
	at org.testng.TestNG.run(TestNG.java:1060) ~[testng-7.5.jar:7.5]
	at com.intellij.rt.testng.IDEARemoteTestNG.run(IDEARemoteTestNG.java:66) ~[testng-rt.jar:?]
	at com.intellij.rt.testng.RemoteTestNGStarter.main(RemoteTestNGStarter.java:109) ~[testng-rt.jar:?]
[DEBUG] 2022-03-29 00:20:05.750 [main] PlatformDependent0 - java.nio.Bits.unaligned: available, true
[DEBUG] 2022-03-29 00:20:05.751 [main] PlatformDependent0 - jdk.internal.misc.Unsafe.allocateUninitializedArray(int): unavailable
java.lang.IllegalAccessException: class io.netty.util.internal.PlatformDependent0$6 cannot access class jdk.internal.misc.Unsafe (in module java.base) because module java.base does not export jdk.internal.misc to unnamed module @234bef66
	at jdk.internal.reflect.Reflection.newIllegalAccessException(Reflection.java:392) ~[?:?]
	at java.lang.reflect.AccessibleObject.checkAccess(AccessibleObject.java:674) ~[?:?]
	at java.lang.reflect.Method.invoke(Method.java:560) ~[?:?]
	at io.netty.util.internal.PlatformDependent0$6.run(PlatformDependent0.java:375) ~[netty-common-4.1.73.Final.jar:4.1.73.Final]
	at java.security.AccessController.doPrivileged(AccessController.java:318) ~[?:?]
	at io.netty.util.internal.PlatformDependent0.<clinit>(PlatformDependent0.java:366) ~[netty-common-4.1.73.Final.jar:4.1.73.Final]
	at io.netty.util.internal.PlatformDependent.isAndroid(PlatformDependent.java:294) ~[netty-common-4.1.73.Final.jar:4.1.73.Final]
	at io.netty.util.internal.PlatformDependent.<clinit>(PlatformDependent.java:88) ~[netty-common-4.1.73.Final.jar:4.1.73.Final]
	at io.netty.util.HashedWheelTimer.<init>(HashedWheelTimer.java:114) ~[netty-common-4.1.73.Final.jar:4.1.73.Final]
	at io.netty.util.HashedWheelTimer.<init>(HashedWheelTimer.java:251) ~[netty-common-4.1.73.Final.jar:4.1.73.Final]
	at io.netty.util.HashedWheelTimer.<init>(HashedWheelTimer.java:224) ~[netty-common-4.1.73.Final.jar:4.1.73.Final]
	at io.netty.util.HashedWheelTimer.<init>(HashedWheelTimer.java:203) ~[netty-common-4.1.73.Final.jar:4.1.73.Final]
	at org.asynchttpclient.DefaultAsyncHttpClient.newNettyTimer(DefaultAsyncHttpClient.java:111) ~[async-http-client-2.12.3.jar:?]
	at org.asynchttpclient.DefaultAsyncHttpClient.<init>(DefaultAsyncHttpClient.java:90) ~[async-http-client-2.12.3.jar:?]
	at org.asynchttpclient.Dsl.asyncHttpClient(Dsl.java:32) ~[async-http-client-2.12.3.jar:?]
	at org.openqa.selenium.remote.http.netty.NettyClient.createHttpClient(NettyClient.java:105) ~[selenium-remote-driver-4.1.2.jar:?]
	at org.openqa.selenium.remote.http.netty.NettyClient.<clinit>(NettyClient.java:50) ~[selenium-remote-driver-4.1.2.jar:?]
	at org.openqa.selenium.remote.http.netty.NettyClient$Factory.createClient(NettyClient.java:146) ~[selenium-remote-driver-4.1.2.jar:?]
	at org.openqa.selenium.remote.HttpCommandExecutor.<init>(HttpCommandExecutor.java:107) ~[selenium-remote-driver-4.1.2.jar:?]
	at org.openqa.selenium.remote.HttpCommandExecutor.<init>(HttpCommandExecutor.java:94) ~[selenium-remote-driver-4.1.2.jar:?]
	at org.openqa.selenium.remote.HttpCommandExecutor.<init>(HttpCommandExecutor.java:85) ~[selenium-remote-driver-4.1.2.jar:?]
	at org.openqa.selenium.remote.service.DriverCommandExecutor.<init>(DriverCommandExecutor.java:80) ~[selenium-remote-driver-4.1.2.jar:?]
	at org.openqa.selenium.chromium.ChromiumDriverCommandExecutor.<init>(ChromiumDriverCommandExecutor.java:35) ~[selenium-chromium-driver-4.1.2.jar:?]
	at org.openqa.selenium.chrome.ChromeDriver$ChromeDriverCommandExecutor.<init>(ChromeDriver.java:118) ~[selenium-chrome-driver-4.1.2.jar:?]
	at org.openqa.selenium.chrome.ChromeDriver.<init>(ChromeDriver.java:106) ~[selenium-chrome-driver-4.1.2.jar:?]
	at org.openqa.selenium.chrome.ChromeDriver.<init>(ChromeDriver.java:93) ~[selenium-chrome-driver-4.1.2.jar:?]
	at org.openqa.selenium.chrome.ChromeDriver.<init>(ChromeDriver.java:48) ~[selenium-chrome-driver-4.1.2.jar:?]
	at Main.launch(Main.java:35) ~[test-classes/:?]
	at jdk.internal.reflect.NativeMethodAccessorImpl.invoke0(Native Method) ~[?:?]
	at jdk.internal.reflect.NativeMethodAccessorImpl.invoke(NativeMethodAccessorImpl.java:77) ~[?:?]
	at jdk.internal.reflect.DelegatingMethodAccessorImpl.invoke(DelegatingMethodAccessorImpl.java:43) ~[?:?]
	at java.lang.reflect.Method.invoke(Method.java:568) ~[?:?]
	at org.testng.internal.invokers.MethodInvocationHelper.invokeMethod(MethodInvocationHelper.java:135) ~[testng-7.5.jar:7.5]
	at org.testng.internal.invokers.MethodInvocationHelper.invokeMethodConsideringTimeout(MethodInvocationHelper.java:65) ~[testng-7.5.jar:7.5]
	at org.testng.internal.invokers.ConfigInvoker.invokeConfigurationMethod(ConfigInvoker.java:381) ~[testng-7.5.jar:7.5]
	at org.testng.internal.invokers.ConfigInvoker.invokeConfigurations(ConfigInvoker.java:319) ~[testng-7.5.jar:7.5]
	at org.testng.TestRunner.invokeTestConfigurations(TestRunner.java:645) ~[testng-7.5.jar:7.5]
	at org.testng.TestRunner.beforeRun(TestRunner.java:634) ~[testng-7.5.jar:7.5]
	at org.testng.TestRunner.run(TestRunner.java:596) ~[testng-7.5.jar:7.5]
	at org.testng.SuiteRunner.runTest(SuiteRunner.java:429) ~[testng-7.5.jar:7.5]
	at org.testng.SuiteRunner.runSequentially(SuiteRunner.java:423) ~[testng-7.5.jar:7.5]
	at org.testng.SuiteRunner.privateRun(SuiteRunner.java:383) ~[testng-7.5.jar:7.5]
	at org.testng.SuiteRunner.run(SuiteRunner.java:326) ~[testng-7.5.jar:7.5]
	at org.testng.SuiteRunnerWorker.runSuite(SuiteRunnerWorker.java:52) ~[testng-7.5.jar:7.5]
	at org.testng.SuiteRunnerWorker.run(SuiteRunnerWorker.java:95) ~[testng-7.5.jar:7.5]
	at org.testng.TestNG.runSuitesSequentially(TestNG.java:1249) ~[testng-7.5.jar:7.5]
	at org.testng.TestNG.runSuitesLocally(TestNG.java:1169) ~[testng-7.5.jar:7.5]
	at org.testng.TestNG.runSuites(TestNG.java:1092) ~[testng-7.5.jar:7.5]
	at org.testng.TestNG.run(TestNG.java:1060) ~[testng-7.5.jar:7.5]
	at com.intellij.rt.testng.IDEARemoteTestNG.run(IDEARemoteTestNG.java:66) ~[testng-rt.jar:?]
	at com.intellij.rt.testng.RemoteTestNGStarter.main(RemoteTestNGStarter.java:109) ~[testng-rt.jar:?]
[DEBUG] 2022-03-29 00:20:05.752 [main] PlatformDependent0 - java.nio.DirectByteBuffer.<init>(long, int): unavailable
[DEBUG] 2022-03-29 00:20:05.752 [main] PlatformDependent - sun.misc.Unsafe: available
[DEBUG] 2022-03-29 00:20:05.752 [main] PlatformDependent - maxDirectMemory: 4133486592 bytes (maybe)
[DEBUG] 2022-03-29 00:20:05.752 [main] PlatformDependent - -Dio.netty.tmpdir: C:\Users\SHREDE~1\AppData\Local\Temp (java.io.tmpdir)
[DEBUG] 2022-03-29 00:20:05.753 [main] PlatformDependent - -Dio.netty.bitMode: 64 (sun.arch.data.model)
[DEBUG] 2022-03-29 00:20:05.753 [main] PlatformDependent - Platform: Windows
[DEBUG] 2022-03-29 00:20:05.754 [main] PlatformDependent - -Dio.netty.maxDirectMemory: -1 bytes
[DEBUG] 2022-03-29 00:20:05.754 [main] PlatformDependent - -Dio.netty.uninitializedArrayAllocationThreshold: -1
[DEBUG] 2022-03-29 00:20:05.754 [main] CleanerJava9 - java.nio.ByteBuffer.cleaner(): available
[DEBUG] 2022-03-29 00:20:05.755 [main] PlatformDependent - -Dio.netty.noPreferDirect: false
[DEBUG] 2022-03-29 00:20:05.759 [main] PlatformDependent - org.jctools-core.MpscChunkedArrayQueue: available
[DEBUG] 2022-03-29 00:20:05.770 [main] InternalThreadLocalMap - -Dio.netty.threadLocalMap.stringBuilder.initialSize: 1024
[DEBUG] 2022-03-29 00:20:05.770 [main] InternalThreadLocalMap - -Dio.netty.threadLocalMap.stringBuilder.maxSize: 4096
[DEBUG] 2022-03-29 00:20:05.856 [main] JdkSslContext - Default protocols (JDK): [TLSv1.3, TLSv1.2] 
[DEBUG] 2022-03-29 00:20:05.857 [main] JdkSslContext - Default cipher suites (JDK): [TLS_ECDHE_ECDSA_WITH_AES_256_GCM_SHA384, TLS_ECDHE_ECDSA_WITH_AES_128_GCM_SHA256, TLS_ECDHE_RSA_WITH_AES_128_GCM_SHA256, TLS_ECDHE_RSA_WITH_AES_256_GCM_SHA384, TLS_ECDHE_RSA_WITH_AES_128_CBC_SHA, TLS_ECDHE_RSA_WITH_AES_256_CBC_SHA, TLS_RSA_WITH_AES_128_GCM_SHA256, TLS_RSA_WITH_AES_128_CBC_SHA, TLS_RSA_WITH_AES_256_CBC_SHA, TLS_AES_128_GCM_SHA256, TLS_AES_256_GCM_SHA384]
[DEBUG] 2022-03-29 00:20:05.872 [main] MultithreadEventLoopGroup - -Dio.netty.eventLoopThreads: 16
[DEBUG] 2022-03-29 00:20:05.877 [main] NioEventLoop - -Dio.netty.noKeySetOptimization: false
[DEBUG] 2022-03-29 00:20:05.877 [main] NioEventLoop - -Dio.netty.selectorAutoRebuildThreshold: 512
[TRACE] 2022-03-29 00:20:05.885 [main] NioEventLoop - instrumented a special java.util.Set into: sun.nio.ch.WEPollSelectorImpl@46292372
[TRACE] 2022-03-29 00:20:05.886 [main] NioEventLoop - instrumented a special java.util.Set into: sun.nio.ch.WEPollSelectorImpl@1e34c607
[TRACE] 2022-03-29 00:20:05.887 [main] NioEventLoop - instrumented a special java.util.Set into: sun.nio.ch.WEPollSelectorImpl@5215cd9a
[TRACE] 2022-03-29 00:20:05.889 [main] NioEventLoop - instrumented a special java.util.Set into: sun.nio.ch.WEPollSelectorImpl@36b6964d
[TRACE] 2022-03-29 00:20:05.890 [main] NioEventLoop - instrumented a special java.util.Set into: sun.nio.ch.WEPollSelectorImpl@31198ceb
[TRACE] 2022-03-29 00:20:05.891 [main] NioEventLoop - instrumented a special java.util.Set into: sun.nio.ch.WEPollSelectorImpl@9257031
[TRACE] 2022-03-29 00:20:05.892 [main] NioEventLoop - instrumented a special java.util.Set into: sun.nio.ch.WEPollSelectorImpl@75201592
[TRACE] 2022-03-29 00:20:05.893 [main] NioEventLoop - instrumented a special java.util.Set into: sun.nio.ch.WEPollSelectorImpl@7726e185
[TRACE] 2022-03-29 00:20:05.893 [main] NioEventLoop - instrumented a special java.util.Set into: sun.nio.ch.WEPollSelectorImpl@aa5455e
[TRACE] 2022-03-29 00:20:05.894 [main] NioEventLoop - instrumented a special java.util.Set into: sun.nio.ch.WEPollSelectorImpl@282308c3
[TRACE] 2022-03-29 00:20:05.895 [main] NioEventLoop - instrumented a special java.util.Set into: sun.nio.ch.WEPollSelectorImpl@5dda14d0
[TRACE] 2022-03-29 00:20:05.896 [main] NioEventLoop - instrumented a special java.util.Set into: sun.nio.ch.WEPollSelectorImpl@1db0ec27
[TRACE] 2022-03-29 00:20:05.897 [main] NioEventLoop - instrumented a special java.util.Set into: sun.nio.ch.WEPollSelectorImpl@3d9fc57a
[TRACE] 2022-03-29 00:20:05.898 [main] NioEventLoop - instrumented a special java.util.Set into: sun.nio.ch.WEPollSelectorImpl@d4ab71a
[TRACE] 2022-03-29 00:20:05.899 [main] NioEventLoop - instrumented a special java.util.Set into: sun.nio.ch.WEPollSelectorImpl@3b4ef7
[TRACE] 2022-03-29 00:20:05.900 [main] NioEventLoop - instrumented a special java.util.Set into: sun.nio.ch.WEPollSelectorImpl@1af05b03
[DEBUG] 2022-03-29 00:20:05.913 [main] PooledByteBufAllocator - -Dio.netty.allocator.numHeapArenas: 16
[DEBUG] 2022-03-29 00:20:05.913 [main] PooledByteBufAllocator - -Dio.netty.allocator.numDirectArenas: 16
[DEBUG] 2022-03-29 00:20:05.913 [main] PooledByteBufAllocator - -Dio.netty.allocator.pageSize: 8192
[DEBUG] 2022-03-29 00:20:05.913 [main] PooledByteBufAllocator - -Dio.netty.allocator.maxOrder: 11
[DEBUG] 2022-03-29 00:20:05.913 [main] PooledByteBufAllocator - -Dio.netty.allocator.chunkSize: 16777216
[DEBUG] 2022-03-29 00:20:05.913 [main] PooledByteBufAllocator - -Dio.netty.allocator.smallCacheSize: 256
[DEBUG] 2022-03-29 00:20:05.913 [main] PooledByteBufAllocator - -Dio.netty.allocator.normalCacheSize: 64
[DEBUG] 2022-03-29 00:20:05.913 [main] PooledByteBufAllocator - -Dio.netty.allocator.maxCachedBufferCapacity: 32768
[DEBUG] 2022-03-29 00:20:05.913 [main] PooledByteBufAllocator - -Dio.netty.allocator.cacheTrimInterval: 8192
[DEBUG] 2022-03-29 00:20:05.913 [main] PooledByteBufAllocator - -Dio.netty.allocator.cacheTrimIntervalMillis: 0
[DEBUG] 2022-03-29 00:20:05.913 [main] PooledByteBufAllocator - -Dio.netty.allocator.useCacheForAllThreads: true
[DEBUG] 2022-03-29 00:20:05.913 [main] PooledByteBufAllocator - -Dio.netty.allocator.maxCachedByteBuffersPerChunk: 1023
[DEBUG] 2022-03-29 00:20:05.919 [main] ByteBufUtil - -Dio.netty.allocator.type: pooled
[DEBUG] 2022-03-29 00:20:05.920 [main] ByteBufUtil - -Dio.netty.threadLocalDirectBufferSize: 0
[DEBUG] 2022-03-29 00:20:05.920 [main] ByteBufUtil - -Dio.netty.maxThreadLocalCharBufferSize: 16384
[DEBUG] 2022-03-29 00:20:06.274 [Forwarding newSession on session null to remote] DefaultChannelId - -Dio.netty.processId: 27508 (auto-detected)
[DEBUG] 2022-03-29 00:20:06.275 [Forwarding newSession on session null to remote] NetUtil - -Djava.net.preferIPv4Stack: false
[DEBUG] 2022-03-29 00:20:06.275 [Forwarding newSession on session null to remote] NetUtil - -Djava.net.preferIPv6Addresses: false
[DEBUG] 2022-03-29 00:20:06.280 [Forwarding newSession on session null to remote] NetUtilInitializations - Loopback interface: lo (Software Loopback Interface 1, 127.0.0.1)
[DEBUG] 2022-03-29 00:20:06.281 [Forwarding newSession on session null to remote] NetUtil - Failed to get SOMAXCONN from sysctl and file \proc\sys\net\core\somaxconn. Default: 200
[DEBUG] 2022-03-29 00:20:06.295 [Forwarding newSession on session null to remote] DefaultChannelId - -Dio.netty.machineId: 7c:70:db:ff:fe:ee:8f:c2 (auto-detected)
[DEBUG] 2022-03-29 00:20:06.327 [AsyncHttpClient-1-2] AbstractByteBuf - -Dio.netty.buffer.checkAccessible: true
[DEBUG] 2022-03-29 00:20:06.327 [AsyncHttpClient-1-2] AbstractByteBuf - -Dio.netty.buffer.checkBounds: true
[DEBUG] 2022-03-29 00:20:06.327 [AsyncHttpClient-1-2] ResourceLeakDetectorFactory - Loaded default ResourceLeakDetector: io.netty.util.ResourceLeakDetector@1dcd5eca
[DEBUG] 2022-03-29 00:20:06.342 [AsyncHttpClient-1-2] Recycler - -Dio.netty.recycler.maxCapacityPerThread: 4096
[DEBUG] 2022-03-29 00:20:06.342 [AsyncHttpClient-1-2] Recycler - -Dio.netty.recycler.ratio: 8
[DEBUG] 2022-03-29 00:20:06.342 [AsyncHttpClient-1-2] Recycler - -Dio.netty.recycler.chunkSize: 32
[DEBUG] 2022-03-29 00:20:06.342 [AsyncHttpClient-1-2] Recycler - -Dio.netty.recycler.blocking: false
[DEBUG] 2022-03-29 00:20:07.001 [AsyncHttpClient-1-2] Brotli - brotli4j not in the classpath; Brotli support will be unavailable.
[DEBUG] 2022-03-29 00:20:07.095 [main] ThreadLocalRandom - -Dio.netty.initialSeedUniquifier: 0x42642df74d4dbf95
[INFO ] 2022-03-29 00:20:10.078 [main] log4j - Customer Added
[INFO ] 2022-03-29 00:20:10.497 [main] log4j - Account Created
[INFO ] 2022-03-29 00:20:11.326 [main] log4j - Logged In
[INFO ] 2022-03-29 00:20:12.362 [main] log4j - Amount Deposited
[INFO ] 2022-03-29 00:20:52.393 [main] log4j - Customer Added
[INFO ] 2022-03-29 00:20:52.811 [main] log4j - Account Created
[INFO ] 2022-03-29 00:20:53.673 [main] log4j - Logged In
[INFO ] 2022-03-29 00:20:54.728 [main] log4j - Amount Deposited
[INFO ] 2022-03-29 00:30:26.809 [main] log4j - Test Started
[INFO ] 2022-03-29 00:30:29.153 [main] log4j - Customer Added
[INFO ] 2022-03-29 00:30:29.679 [main] log4j - Account Created
[INFO ] 2022-03-29 00:30:31.365 [main] log4j - Logged In
[INFO ] 2022-03-29 00:30:32.953 [main] log4j - Amount Deposited
[INFO ] 2022-03-29 00:31:40.984 [main] log4j - Test Started
[INFO ] 2022-03-29 00:31:42.907 [main] log4j - Customer Added
[INFO ] 2022-03-29 00:31:44.056 [main] log4j - Account Created
[INFO ] 2022-03-29 00:31:45.295 [main] log4j - Logged In
[INFO ] 2022-03-29 00:31:46.808 [main] log4j - Amount Deposited
[INFO ] 2022-03-29 00:43:45.312 [main] log4j - Test Started
[INFO ] 2022-03-29 00:43:47.416 [main] log4j - Customer Added
[INFO ] 2022-03-29 00:43:48.576 [main] log4j - Account Created
[INFO ] 2022-03-29 00:43:49.811 [main] log4j - Logged In
[INFO ] 2022-03-29 00:43:51.363 [main] log4j - Amount Deposited
[INFO ] 2022-03-29 01:11:33.954 [main] log4j - Test Started
[INFO ] 2022-03-29 01:11:36.051 [main] log4j - Customer Added
[INFO ] 2022-03-29 01:11:37.227 [main] log4j - Account Created
[INFO ] 2022-03-29 01:11:38.493 [main] log4j - Logged In
[INFO ] 2022-03-29 01:11:40.044 [main] log4j - Amount Deposited
[INFO ] 2022-03-29 01:20:47.224 [main] log4j - Test Started
[INFO ] 2022-03-29 01:20:49.489 [main] log4j - Customer Added
[INFO ] 2022-03-29 01:20:50.675 [main] log4j - Account Created
[INFO ] 2022-03-29 01:20:51.985 [main] log4j - Logged In
[INFO ] 2022-03-29 01:20:53.555 [main] log4j - Amount Deposited
[INFO ] 2022-03-29 01:30:03.844 [main] log4j - Test Started
[INFO ] 2022-03-29 01:30:07.875 [main] log4j - Customer Added
[INFO ] 2022-03-29 01:30:09.377 [main] log4j - Account Created
[INFO ] 2022-03-29 01:30:10.906 [main] log4j - Logged In
[INFO ] 2022-03-29 01:30:13.075 [main] log4j - Amount Deposited
[INFO ] 2022-03-29 09:32:01.914 [main] log4j - Test Started
[INFO ] 2022-03-29 09:32:03.878 [main] log4j - Customer Added
[INFO ] 2022-03-29 09:32:05.088 [main] log4j - Account Created
[INFO ] 2022-03-29 09:32:06.324 [main] log4j - Customer name selected
[INFO ] 2022-03-29 09:32:06.402 [main] log4j - Logged In
[INFO ] 2022-03-29 09:32:07.277 [main] log4j - tracnsactions checked
[INFO ] 2022-03-29 09:32:07.919 [main] log4j - Success Message Printed
[INFO ] 2022-03-29 09:32:07.920 [main] log4j - Amount Deposited
[INFO ] 2022-03-29 09:32:07.959 [main] log4j - balance amount cross-checked
[INFO ] 2022-03-29 09:47:05.590 [main] log4j - Test Started
[INFO ] 2022-03-29 09:47:07.498 [main] log4j - Customer Added
[INFO ] 2022-03-29 09:47:08.680 [main] log4j - Account Created
[INFO ] 2022-03-29 09:47:09.874 [main] log4j - Customer name selected
[INFO ] 2022-03-29 09:47:09.945 [main] log4j - Logged In
[INFO ] 2022-03-29 09:47:10.763 [main] log4j - tracnsactions checked
[INFO ] 2022-03-29 09:47:11.558 [main] log4j - Success Message Printed
[INFO ] 2022-03-29 09:47:11.558 [main] log4j - Amount Deposited
[INFO ] 2022-03-29 09:47:11.588 [main] log4j - balance amount cross-checked
[INFO ] 2022-03-29 09:49:42.417 [main] log4j - Test Started
[INFO ] 2022-03-29 09:49:44.457 [main] log4j - Customer Added
[INFO ] 2022-03-29 09:49:45.745 [main] log4j - Account Created
[INFO ] 2022-03-29 09:49:46.884 [main] log4j - Customer name selected
[INFO ] 2022-03-29 09:49:46.950 [main] log4j - Logged In
[INFO ] 2022-03-29 09:49:47.822 [main] log4j - tracnsactions checked
[INFO ] 2022-03-29 09:49:48.513 [main] log4j - Success Message Printed
[INFO ] 2022-03-29 09:49:48.513 [main] log4j - Amount Deposited
[INFO ] 2022-03-29 09:49:48.558 [main] log4j - balance amount cross-checked
[INFO ] 2022-03-29 09:50:25.400 [main] log4j - Test Started
[INFO ] 2022-03-29 09:50:27.928 [main] log4j - Customer Added
[INFO ] 2022-03-29 09:50:28.854 [main] log4j - Account Created
[INFO ] 2022-03-29 09:50:29.911 [main] log4j - Customer name selected
[INFO ] 2022-03-29 09:50:29.975 [main] log4j - Logged In
[INFO ] 2022-03-29 09:50:30.847 [main] log4j - tracnsactions checked
[INFO ] 2022-03-29 09:50:31.481 [main] log4j - Success Message Printed
[INFO ] 2022-03-29 09:50:31.481 [main] log4j - Amount Deposited
[INFO ] 2022-03-29 09:50:31.509 [main] log4j - balance amount cross-checked
[INFO ] 2022-03-29 09:50:45.421 [main] log4j - Test Started
[INFO ] 2022-03-29 09:50:47.328 [main] log4j - Customer Added
[INFO ] 2022-03-29 09:50:48.650 [main] log4j - Account Created
[INFO ] 2022-03-29 09:50:49.933 [main] log4j - Customer name selected
[INFO ] 2022-03-29 09:50:50.004 [main] log4j - Logged In
[INFO ] 2022-03-29 09:50:50.861 [main] log4j - tracnsactions checked
[INFO ] 2022-03-29 09:50:51.514 [main] log4j - Success Message Printed
[INFO ] 2022-03-29 09:50:51.514 [main] log4j - Amount Deposited
[INFO ] 2022-03-29 09:50:51.554 [main] log4j - balance amount cross-checked
[INFO ] 2022-03-29 09:55:23.894 [main] log4j - Test Started
[INFO ] 2022-03-29 09:55:25.851 [main] log4j - Customer Added
[INFO ] 2022-03-29 09:55:27.238 [main] log4j - Account Created
[INFO ] 2022-03-29 09:55:28.361 [main] log4j - Customer name selected
[INFO ] 2022-03-29 09:55:28.430 [main] log4j - Logged In
[INFO ] 2022-03-29 09:55:29.223 [main] log4j - tracnsactions checked
[INFO ] 2022-03-29 09:55:29.864 [main] log4j - Success Message Printed
[INFO ] 2022-03-29 09:55:29.864 [main] log4j - Amount Deposited
[INFO ] 2022-03-29 09:55:29.900 [main] log4j - balance amount cross-checked
[INFO ] 2022-03-29 09:55:41.349 [main] log4j - Message Successfully printed
[INFO ] 2022-03-29 10:18:29.718 [main] log4j - Test Started
[INFO ] 2022-03-29 10:34:25.759 [main] log4j - Test Started
[INFO ] 2022-03-29 11:34:12.474 [main] log4j - Test Started
[INFO ] 2022-03-29 11:34:57.648 [main] log4j - Test Started
[INFO ] 2022-03-29 11:38:21.855 [main] log4j - Test Started
[INFO ] 2022-03-29 11:50:38.833 [main] log4j - Test Started
[INFO ] 2022-03-29 11:52:11.248 [main] log4j - Test Started
[INFO ] 2022-03-29 11:54:43.025 [main] log4j - Test Started
[INFO ] 2022-03-29 12:12:11.341 [main] log4j - Test Started
[INFO ] 2022-03-29 12:13:17.828 [main] log4j - Test Started
[INFO ] 2022-03-29 12:15:38.167 [main] log4j - Test Started
[INFO ] 2022-03-29 12:18:18.225 [main] log4j - Test Started
[INFO ] 2022-03-29 12:20:29.363 [main] log4j - Test Started
[INFO ] 2022-03-29 12:20:37.083 [main] log4j - Customer Added
[INFO ] 2022-03-29 12:22:50.234 [main] log4j - Test Started
[INFO ] 2022-03-29 12:22:57.943 [main] log4j - Customer Added
[INFO ] 2022-03-29 12:25:04.271 [main] log4j - Test Started
[INFO ] 2022-03-29 12:25:11.971 [main] log4j - Customer Added
[INFO ] 2022-03-29 12:25:12.733 [main] log4j - Account Created
[INFO ] 2022-03-29 12:26:54.682 [main] log4j - Test Started
[INFO ] 2022-03-29 12:27:02.396 [main] log4j - Customer Added
[INFO ] 2022-03-29 12:27:03.078 [main] log4j - Account Created
[INFO ] 2022-03-29 12:27:03.810 [main] log4j - Customer name selected
[INFO ] 2022-03-29 12:27:03.852 [main] log4j - Logged In
[INFO ] 2022-03-29 12:27:04.549 [main] log4j - tracnsactions checked
[INFO ] 2022-03-29 12:27:05.043 [main] log4j - Success Message Printed
[INFO ] 2022-03-29 12:27:05.043 [main] log4j - Amount Deposited
[INFO ] 2022-03-29 12:27:05.055 [main] log4j - balance amount cross-checked
[INFO ] 2022-03-29 12:27:16.241 [main] log4j - Message Successfully printed
[INFO ] 2022-03-29 12:30:33.182 [main] log4j - Test Started
[INFO ] 2022-03-29 12:30:40.894 [main] log4j - Customer Added
[INFO ] 2022-03-29 12:30:41.581 [main] log4j - Account Created
[INFO ] 2022-03-29 12:30:42.342 [main] log4j - Customer name selected
[INFO ] 2022-03-29 12:30:42.373 [main] log4j - Logged In
[INFO ] 2022-03-29 12:30:43.092 [main] log4j - transactions checked
[INFO ] 2022-03-29 12:30:43.133 [main] log4j - transactions checked
[INFO ] 2022-03-29 12:31:15.223 [main] log4j - Test Started
[INFO ] 2022-03-29 12:31:22.908 [main] log4j - Customer Added
[INFO ] 2022-03-29 12:31:23.560 [main] log4j - Account Created
[INFO ] 2022-03-29 12:31:24.315 [main] log4j - Customer name selected
[INFO ] 2022-03-29 12:31:24.350 [main] log4j - Logged In
[INFO ] 2022-03-29 12:31:25.049 [main] log4j - transactions checked
[INFO ] 2022-03-29 12:31:25.526 [main] log4j - Success Message Printed
[INFO ] 2022-03-29 12:31:25.527 [main] log4j - Amount Deposited
[INFO ] 2022-03-29 12:31:25.551 [main] log4j - balance amount cross-checked
[INFO ] 2022-03-29 12:31:36.748 [main] log4j - Message Successfully printed
[INFO ] 2022-03-29 12:31:36.811 [main] log4j - transactions checked
[INFO ] 2022-03-29 12:44:15.940 [main] log4j - Test Started
[INFO ] 2022-03-29 12:46:32.222 [main] log4j - Test Started
[INFO ] 2022-03-29 12:47:37.634 [main] log4j - Test Started
[INFO ] 2022-03-29 12:47:45.349 [main] log4j - Customer Added
[INFO ] 2022-03-29 12:47:46.062 [main] log4j - Account Created
[INFO ] 2022-03-29 12:47:46.797 [main] log4j - Customer name selected
[INFO ] 2022-03-29 12:47:46.831 [main] log4j - Logged In
[INFO ] 2022-03-29 12:47:47.545 [main] log4j - transactions checked
[INFO ] 2022-03-29 12:47:48.023 [main] log4j - Success Message Printed
[INFO ] 2022-03-29 12:47:48.023 [main] log4j - Amount Deposited
[INFO ] 2022-03-29 12:47:48.036 [main] log4j - balance amount cross-checked
[INFO ] 2022-03-29 12:47:59.248 [main] log4j - Message Successfully printed
[INFO ] 2022-03-29 12:47:59.295 [main] log4j - transactions checked
